{'name': 'I', 'location': 'Lusaka', 'career': 'medicine', 'noMoney': True}
{'name': 'I', 'location': 'Lusaka', 'career': 'medicine', 'noMoney': True}
{'name': 'I', 'location': 'Lusaka', 'career': 'medicine', 'noMoney': True}
{'name': 'I', 'location': 'Lusaka', 'career': 'medicine', 'noMoney': True}
{'name': 'I', 'location': 'Lusaka', 'career': 'medicine', 'noMoney': True}
{'money': '7000 kwacha', 'location': 'Lusaka', 'name': 'I', 'career': 'medicine'}
None
+14185807215
+14185807215
+14185807215
+14185807215
+14185807215
+14185807215
{'location': 'Lusaka', 'career': 'robotics', 'noCareer': True, 'noLocation': True, 'name': 'Mohamed', 'noMoney': True}
+15145781641
{'noLocation': True, 'name': 'TIM'}
+14185807215
{'location': 'Lusaka', 'noLocation': True, 'noCareer': True, 'career': 'robotics', 'noMoney': True, 'name': 'Mohamed'}
+14185807215
{'location': 'Lusaka', 'noLocation': True, 'career': 'robotics', 'noMoney': True, 'name': 'Mohamed'}
+14185807215
{'location': 'Lusaka', 'noLocation': True, 'noCareer': True, 'money': '7000 kwacha', 'career': 'robotics', 'name': 'Mohamed'}
{'location': 'Lusaka', 'noLocation': True, 'noCareer': True, 'career': 'robotics', 'money': '7000 kwacha', 'name': 'Mohamed'}
+14185807215
{'noLocation': True, 'money': '7000 kwacha', 'location': 'Lusaka', 'career': 'robotics', 'noMoney': True, 'name': 'Mohamed'}
+14185807215
{'noLocation': True, 'money': '6000 kwacha', 'location': 'Lusaka', 'noCareer': True, 'career': 'robotics', 'name': 'Mohamed'}
{'location': 'Lusaka', 'noLocation': True, 'money': '6000 kwacha', 'career': 'robotics', 'noCareer': True, 'name': 'Mohamed'}
+14185807215
{'name': 'Mohamed', 'career': 'robotics', 'location': 'Lusaka', 'money': '6000 kwacha'}
+14185807215
+14185807215
+14185807215
+14185807215
+14185807215
+14185807215
+14185807215
+14185807215
+14185807215
+14185807215
{'noName': True}
+14185807215
+14185807215
+14185807215
+14185807215
+14185807215
c80kjz82x090bnnb0eystkb58dzmdk4x
No session with this id.
+14185807215
{'noName': True}
+14185807215
{'name': 'Mohamed', 'noLocation': True}
+14185807215
{'name': 'Mohamed', 'noCareer': True, 'location': 'Lusaka'}
+14185807215
{'name': 'Mohamed', 'location': 'Lusaka', 'noMoney': True, 'career': 'robotics'}
+14185807215
{'career': 'robotics', 'name': 'Mohamed', 'noLocation': True, 'money': '7000 kwacha', 'location': 'Lusaka', 'noCareer': True, 'noName': True}
{'career': 'robotics', 'name': 'Mohamed', 'money': '7000 kwacha', 'location': 'Lusaka'}
+14185807215
{'name': 'Mohamed', 'noLocation': True}
+14185807215
{'location': 'Lusaka', 'noCareer': True, 'name': 'Mohamed'}
+14185807215
{'career': 'cool', 'name': 'Mohamed', 'location': 'Lusaka', 'noMoney': True}
+14185807215
{'noCareer': True, 'name': 'Mohamed', 'noLocation': True, 'career': 'cool', 'location': 'Lusaka', 'money': '7000 kwacha'}
{'name': 'Mohamed', 'career': 'cool', 'location': 'Lusaka', 'money': '7000 kwacha'}
+14185807215
+14185807215
{'noName': True}
+14185807215
{'name': 'Mohamed', 'noLocation': True}
